
2025-03-03 16:19:33,882 INFO  [Log] Application openend successfully 
2025-03-03 16:20:33,912 INFO  [Log] Application openend successfully1 
2025-03-03 16:21:29,388 INFO  [Log] Application openend successfully1 
2025-03-03 16:21:29,395 INFO  [Log] Application openend successfully2 
2025-04-08 15:01:16,611 INFO  [Log] Application openend successfully1 
2025-04-08 15:55:19,058 INFO  [Log] Application openend successfully1 
2025-04-08 16:02:52,530 INFO  [Log] Application openend successfully1 
2025-04-08 16:02:52,862 INFO  [Log] Entered the text SampleText in the field TextInput 
2025-04-08 16:02:52,972 INFO  [Log] Entered the text Password in the field password 
2025-04-08 16:03:16,525 INFO  [Log] Application openend successfully1 
2025-04-08 16:03:16,668 INFO  [Log] Entered the text SampleText in the field TextInput 
2025-04-08 16:03:16,777 INFO  [Log] Entered the text Password in the field password 
2025-04-08 16:06:14,173 INFO  [Log] Application openend successfully 
2025-04-08 16:06:14,326 INFO  [Log] Entered the text SampleText in the field TextInput 
2025-04-08 16:06:14,408 INFO  [Log] Entered the text Password in the field password 
2025-04-08 16:06:14,589 INFO  [Log] Selected the value One from drop down Select 
2025-04-08 16:10:56,875 INFO  [Log] Application openend successfully 
2025-04-08 16:10:57,050 INFO  [Log] Entered the text SampleText in the field TextInput 
2025-04-08 16:10:57,139 INFO  [Log] Entered the text Password in the field password 
2025-04-08 16:10:57,312 INFO  [Log] Selected the value One from drop down Select 
2025-04-08 16:14:19,539 INFO  [Log] Application openend successfully 
2025-04-08 16:14:19,707 INFO  [Log] Entered the text SampleText in the field TextInput 
2025-04-08 16:14:19,835 INFO  [Log] Entered the text Password in the field password 
2025-04-08 16:14:20,043 INFO  [Log] Selected the value One from drop down Select 
2025-04-08 16:15:09,963 INFO  [Log] Application openend successfully 
2025-04-08 16:15:10,127 INFO  [Log] Entered the text SampleText in the field TextInput 
2025-04-08 16:15:10,261 INFO  [Log] Entered the text Password in the field password 
2025-04-08 16:15:10,471 INFO  [Log] Selected the value One from drop down Select 
2025-04-08 16:15:10,575 INFO  [Log] Entered the text San Franciso in the field DataList 
2025-04-08 16:15:10,837 INFO  [Log] Successfully clicked on Submitbutton 
2025-04-08 16:30:35,361 INFO  [Log] Application openend successfully 
2025-04-08 16:30:35,536 INFO  [Log] Entered the text SampleText in the field TextInput 
2025-04-08 16:30:35,625 INFO  [Log] Entered the text Password in the field password 
2025-04-08 16:30:35,828 INFO  [Log] Selected the value One from drop down Select 
2025-04-08 16:30:35,936 INFO  [Log] Entered the text San Franciso in the field DataList 
2025-04-08 16:30:36,101 INFO  [Log] Successfully clicked on Submitbutton 
2025-04-08 16:32:43,705 INFO  [Log] Application openend successfully 
2025-04-08 16:32:43,846 INFO  [Log] Entered the text SampleText in the field TextInput 
2025-04-08 16:32:43,926 INFO  [Log] Entered the text Password in the field password 
2025-04-08 16:32:44,101 INFO  [Log] Selected the value One from drop down Select 
2025-04-08 16:32:44,168 INFO  [Log] Entered the text San Franciso in the field DataList 
2025-04-08 16:32:44,488 INFO  [Log] Successfully clicked on Submit button 
2025-04-08 16:32:44,549 INFO  [Log] Verifed the success message: Received! 
2025-04-08 16:32:46,404 INFO  [Log] Application openend successfully 
2025-04-08 16:35:11,670 INFO  [Log] Application openend successfully 
2025-04-08 16:35:11,799 INFO  [Log] Entered the text SampleText in the field TextInput 
2025-04-08 16:35:11,899 INFO  [Log] Entered the text Password in the field password 
2025-04-08 16:35:12,076 INFO  [Log] Selected the value One from drop down Select 
2025-04-08 16:35:12,166 INFO  [Log] Entered the text San Franciso in the field DataList 
2025-04-08 16:35:12,337 INFO  [Log] Successfully clicked on Submit button 
2025-04-08 16:35:12,386 INFO  [Log] Verifed the success message: Received! 
2025-04-08 16:35:14,305 INFO  [Log] Application openend successfully 
2025-04-08 16:35:14,921 INFO  [Log] Successfully clicked on Submit button 
2025-04-08 16:35:14,975 INFO  [Log] Verifed the success message: Received! 
2025-04-08 17:03:19,164 INFO  [Log] Application openend successfully 
2025-04-08 17:03:19,325 INFO  [Log] Entered the text SampleText in the field TextInput 
2025-04-08 17:03:19,429 INFO  [Log] Entered the text Password in the field password 
2025-04-08 17:03:19,626 INFO  [Log] Selected the value One from drop down Select 
2025-04-08 17:03:19,738 INFO  [Log] Entered the text San Franciso in the field DataList 
2025-04-08 17:03:20,112 INFO  [Log] Successfully clicked on Submit button 
2025-04-08 17:03:20,166 INFO  [Log] Verifed the success message: Received! 
2025-04-08 17:03:22,380 INFO  [Log] Application openend successfully 
2025-04-08 17:03:23,110 INFO  [Log] Successfully clicked on Submit button 
2025-04-08 17:03:23,162 INFO  [Log] Verifed the success message: Received! 
2025-04-08 17:08:34,774 INFO  [Log] Application openend successfully 
2025-04-08 17:08:34,921 INFO  [Log] Entered the text SampleText in the field TextInput 
2025-04-08 17:08:35,046 INFO  [Log] Entered the text Password in the field password 
2025-04-08 17:08:35,251 INFO  [Log] Selected the value One from drop down Select 
2025-04-08 17:08:35,336 INFO  [Log] Entered the text San Franciso in the field DataList 
2025-04-08 17:08:35,446 INFO  [Log] Successfully clicked on Submit button 
2025-04-08 17:08:35,513 INFO  [Log] Verifed the success message: Received! 
2025-04-08 17:08:37,333 INFO  [Log] Application openend successfully 
2025-04-08 17:08:37,833 INFO  [Log] Successfully clicked on Submit button 
2025-04-08 17:08:37,904 INFO  [Log] Verifed the success message: Received! 
2025-04-08 17:11:22,961 INFO  [Log] Application openend successfully 
2025-04-08 17:11:23,414 INFO  [Log] Entered the text SampleText in the field TextInput 
2025-04-08 17:11:23,511 INFO  [Log] Entered the text Password in the field password 
2025-04-08 17:11:23,726 INFO  [Log] Selected the value One from drop down Select 
2025-04-08 17:11:23,831 INFO  [Log] Entered the text San Franciso in the field DataList 
2025-04-08 17:11:24,068 INFO  [Log] Successfully clicked on Submit button 
2025-04-08 17:11:24,172 INFO  [Log] Verifed the success message: Received! 
2025-04-08 17:11:26,059 INFO  [Log] Application openend successfully 
2025-04-08 17:11:26,864 INFO  [Log] Successfully clicked on Submit button 
2025-04-08 17:11:26,924 INFO  [Log] Verifed the success message: Received! 
2025-04-08 17:16:17,676 INFO  [Log] Application openend successfully 
2025-04-08 17:16:17,872 INFO  [Log] Entered the text SampleText in the field TextInput 
2025-04-08 17:16:17,982 INFO  [Log] Entered the text Password in the field password 
2025-04-08 17:16:18,200 INFO  [Log] Selected the value One from drop down Select 
2025-04-08 17:16:18,319 INFO  [Log] Entered the text San Franciso in the field DataList 
2025-04-08 17:16:18,554 INFO  [Log] Successfully clicked on Submit button 
2025-04-08 17:16:18,616 INFO  [Log] Verifed the success message: Received! 
2025-04-08 17:16:20,592 INFO  [Log] Application openend successfully 
2025-04-08 17:16:21,229 INFO  [Log] Successfully clicked on Submit button 
2025-04-08 17:16:21,316 INFO  [Log] Verifed the success message: Received! 
2025-04-08 17:21:20,926 INFO  [Log] Application openend successfully 
2025-04-08 17:21:21,213 INFO  [Log] Entered the text SampleText in the field TextInput 
2025-04-08 17:21:21,296 INFO  [Log] Entered the text Password in the field password 
2025-04-08 17:21:21,479 INFO  [Log] Selected the value One from drop down Select 
2025-04-08 17:21:21,582 INFO  [Log] Entered the text San Franciso in the field DataList 
2025-04-08 17:21:21,770 INFO  [Log] Successfully clicked on Submit button 
2025-04-08 17:21:21,829 INFO  [Log] Verifed the success message: Received! 
2025-04-08 17:21:23,734 INFO  [Log] Application openend successfully 
2025-04-08 17:21:24,341 INFO  [Log] Successfully clicked on Submit button 
2025-04-08 17:21:24,379 INFO  [Log] Verifed the success message: Received! 
2025-04-08 17:45:45,847 INFO  [Log] Application openend successfully 
2025-04-08 17:45:46,317 INFO  [Log] Entered the text SampleText in the field TextInput 
2025-04-08 17:45:46,464 INFO  [Log] Entered the text Password in the field password 
2025-04-08 17:45:46,795 INFO  [Log] Selected the value One from drop down Select 
2025-04-08 17:45:46,949 INFO  [Log] Entered the text San Franciso in the field DataList 
2025-04-08 17:45:47,569 INFO  [Log] Successfully clicked on Submit button 
2025-04-08 17:45:47,627 INFO  [Log] Verifed the success message: Received! 
2025-04-08 17:45:49,819 INFO  [Log] Application openend successfully 
2025-04-08 17:45:50,696 INFO  [Log] Successfully clicked on Submit button 
2025-04-08 17:45:50,825 INFO  [Log] Verifed the success message: Received! 
2025-04-09 11:30:54,695 INFO  [Log] Application openend successfully 
2025-04-09 11:30:54,866 INFO  [Log] Entered the text SampleText in the field TextInput 
2025-04-09 11:30:54,969 INFO  [Log] Entered the text Password in the field password 
2025-04-09 11:30:55,155 INFO  [Log] Selected the value One from drop down Select 
2025-04-09 11:30:55,269 INFO  [Log] Entered the text San Franciso in the field DataList 
2025-04-09 11:30:55,529 INFO  [Log] Successfully clicked on Submit button 
2025-04-09 11:30:55,580 INFO  [Log] Verifed the success message: Received! 
2025-04-09 11:30:57,502 INFO  [Log] Application openend successfully 
2025-04-09 11:30:58,356 INFO  [Log] Successfully clicked on Submit button 
2025-04-09 11:30:58,435 INFO  [Log] Verifed the success message: Received! 
2025-04-09 11:41:59,894 INFO  [Log] Application openend successfully 
2025-04-09 11:42:00,055 INFO  [Log] Entered the text SampleText in the field TextInput 
2025-04-09 11:42:00,143 INFO  [Log] Entered the text Password in the field password 
2025-04-09 11:42:00,334 INFO  [Log] Selected the value One from drop down Select 
2025-04-09 11:42:00,444 INFO  [Log] Entered the text San Franciso in the field DataList 
2025-04-09 11:42:00,791 INFO  [Log] Successfully clicked on Submit button 
2025-04-09 11:42:00,896 INFO  [Log] Verifed the success message: Received! 
2025-04-09 11:42:02,774 INFO  [Log] Application openend successfully 
2025-04-09 11:42:03,751 INFO  [Log] Successfully clicked on Submit button 
2025-04-09 11:42:03,844 INFO  [Log] Verifed the success message: Received! 
